2023-12-29T18:39:40.624Z [Modules] Modules initializing
2023-12-29T18:39:40.624Z [Modules] Distribution: remote
2023-12-29T18:39:40.624Z [Modules] Host updates: enabled
2023-12-29T18:39:40.624Z [Modules] Module updates: enabled
2023-12-29T18:39:40.625Z [Modules] Module install path: /home/tutu/.config/discord/0.0.39/modules
2023-12-29T18:39:40.625Z [Modules] Module installed file path: /home/tutu/.config/discord/0.0.39/modules/installed.json
2023-12-29T18:39:40.625Z [Modules] Module download path: /home/tutu/.config/discord/0.0.39/modules/pending
2023-12-29T18:39:40.878Z [Modules] Bootstrapping...
2023-12-29T18:39:40.879Z [Modules] Installing discord_desktop_core@0 from /opt/discord/resources/bootstrap/discord_desktop_core.zip
2023-12-29T18:39:40.883Z [Modules] Failed installing discord_desktop_core@0: Error: ENOENT: no such file or directory, open '/opt/discord/resources/bootstrap/discord_desktop_core.zip'
2023-12-29T18:39:40.884Z [Modules] Installing discord_erlpack@0 from /opt/discord/resources/bootstrap/discord_erlpack.zip
2023-12-29T18:39:40.886Z [Modules] Failed installing discord_erlpack@0: Error: ENOENT: no such file or directory, open '/opt/discord/resources/bootstrap/discord_erlpack.zip'
2023-12-29T18:39:40.886Z [Modules] Installing discord_spellcheck@0 from /opt/discord/resources/bootstrap/discord_spellcheck.zip
2023-12-29T18:39:40.887Z [Modules] Failed installing discord_spellcheck@0: Error: ENOENT: no such file or directory, open '/opt/discord/resources/bootstrap/discord_spellcheck.zip'
2023-12-29T18:39:40.887Z [Modules] Installing discord_utils@0 from /opt/discord/resources/bootstrap/discord_utils.zip
2023-12-29T18:39:40.889Z [Modules] Failed installing discord_utils@0: Error: ENOENT: no such file or directory, open '/opt/discord/resources/bootstrap/discord_utils.zip'
2023-12-29T18:39:40.890Z [Modules] Installing discord_voice@0 from /opt/discord/resources/bootstrap/discord_voice.zip
2023-12-29T18:39:40.891Z [Modules] Failed installing discord_voice@0: Error: ENOENT: no such file or directory, open '/opt/discord/resources/bootstrap/discord_voice.zip'
2023-12-29T18:39:40.891Z [Modules] Finished module installations. [success: 0] [failure: 5]
2023-12-29T18:39:40.892Z [Modules] Checking for host updates.
2023-12-29T18:39:41.135Z [Modules] Host is up to date.
2023-12-29T18:39:41.137Z [Modules] Checking for module updates at https://discord.com/api/modules/stable/versions.json
2023-12-29T18:39:41.207Z [Modules] Module update available: discord_desktop_core@1 [installed: 0]
2023-12-29T18:39:41.207Z [Modules] Module update available: discord_erlpack@1 [installed: 0]
2023-12-29T18:39:41.208Z [Modules] Module update available: discord_spellcheck@1 [installed: 0]
2023-12-29T18:39:41.208Z [Modules] Module update available: discord_utils@1 [installed: 0]
2023-12-29T18:39:41.208Z [Modules] Module update available: discord_voice@1 [installed: 0]
2023-12-29T18:39:41.211Z [Modules] Fetching discord_desktop_core@1 from https://discord.com/api/modules/stable/discord_desktop_core/1
2023-12-29T18:39:41.212Z [Modules] Streaming discord_desktop_core@1 to /home/tutu/.config/discord/0.0.39/modules/pending/discord_desktop_core-1.zip
2023-12-29T18:39:42.246Z [Modules] Streaming discord_desktop_core@1 to /home/tutu/.config/discord/0.0.39/modules/pending/discord_desktop_core-1.zip: 1%
2023-12-29T18:39:42.452Z [Modules] Streaming discord_desktop_core@1 to /home/tutu/.config/discord/0.0.39/modules/pending/discord_desktop_core-1.zip: 3%
2023-12-29T18:39:42.485Z [Modules] Streaming discord_desktop_core@1 to /home/tutu/.config/discord/0.0.39/modules/pending/discord_desktop_core-1.zip: 4%
2023-12-29T18:39:42.583Z [Modules] Streaming discord_desktop_core@1 to /home/tutu/.config/discord/0.0.39/modules/pending/discord_desktop_core-1.zip: 5%
2023-12-29T18:39:42.625Z [Modules] Streaming discord_desktop_core@1 to /home/tutu/.config/discord/0.0.39/modules/pending/discord_desktop_core-1.zip: 6%
2023-12-29T18:39:42.657Z [Modules] Streaming discord_desktop_core@1 to /home/tutu/.config/discord/0.0.39/modules/pending/discord_desktop_core-1.zip: 7%
2023-12-29T18:39:42.691Z [Modules] Streaming discord_desktop_core@1 to /home/tutu/.config/discord/0.0.39/modules/pending/discord_desktop_core-1.zip: 8%
2023-12-29T18:39:42.715Z [Modules] Streaming discord_desktop_core@1 to /home/tutu/.config/discord/0.0.39/modules/pending/discord_desktop_core-1.zip: 9%
2023-12-29T18:39:42.749Z [Modules] Streaming discord_desktop_core@1 to /home/tutu/.config/discord/0.0.39/modules/pending/discord_desktop_core-1.zip: 10%
2023-12-29T18:39:42.767Z [Modules] Streaming discord_desktop_core@1 to /home/tutu/.config/discord/0.0.39/modules/pending/discord_desktop_core-1.zip: 11%
2023-12-29T18:39:42.794Z [Modules] Streaming discord_desktop_core@1 to /home/tutu/.config/discord/0.0.39/modules/pending/discord_desktop_core-1.zip: 12%
2023-12-29T18:39:42.808Z [Modules] Streaming discord_desktop_core@1 to /home/tutu/.config/discord/0.0.39/modules/pending/discord_desktop_core-1.zip: 13%
2023-12-29T18:39:42.817Z [Modules] Streaming discord_desktop_core@1 to /home/tutu/.config/discord/0.0.39/modules/pending/discord_desktop_core-1.zip: 14%
2023-12-29T18:39:42.834Z [Modules] Streaming discord_desktop_core@1 to /home/tutu/.config/discord/0.0.39/modules/pending/discord_desktop_core-1.zip: 15%
2023-12-29T18:39:42.846Z [Modules] Streaming discord_desktop_core@1 to /home/tutu/.config/discord/0.0.39/modules/pending/discord_desktop_core-1.zip: 16%
2023-12-29T18:39:42.850Z [Modules] Streaming discord_desktop_core@1 to /home/tutu/.config/discord/0.0.39/modules/pending/discord_desktop_core-1.zip: 17%
2023-12-29T18:39:42.865Z [Modules] Streaming discord_desktop_core@1 to /home/tutu/.config/discord/0.0.39/modules/pending/discord_desktop_core-1.zip: 18%
2023-12-29T18:39:42.872Z [Modules] Streaming discord_desktop_core@1 to /home/tutu/.config/discord/0.0.39/modules/pending/discord_desktop_core-1.zip: 19%
2023-12-29T18:39:42.880Z [Modules] Streaming discord_desktop_core@1 to /home/tutu/.config/discord/0.0.39/modules/pending/discord_desktop_core-1.zip: 20%
2023-12-29T18:39:42.894Z [Modules] Streaming discord_desktop_core@1 to /home/tutu/.config/discord/0.0.39/modules/pending/discord_desktop_core-1.zip: 21%
2023-12-29T18:39:42.901Z [Modules] Streaming discord_desktop_core@1 to /home/tutu/.config/discord/0.0.39/modules/pending/discord_desktop_core-1.zip: 22%
2023-12-29T18:39:42.915Z [Modules] Streaming discord_desktop_core@1 to /home/tutu/.config/discord/0.0.39/modules/pending/discord_desktop_core-1.zip: 23%
2023-12-29T18:39:42.922Z [Modules] Streaming discord_desktop_core@1 to /home/tutu/.config/discord/0.0.39/modules/pending/discord_desktop_core-1.zip: 24%
2023-12-29T18:39:42.929Z [Modules] Streaming discord_desktop_core@1 to /home/tutu/.config/discord/0.0.39/modules/pending/discord_desktop_core-1.zip: 25%
2023-12-29T18:39:42.939Z [Modules] Streaming discord_desktop_core@1 to /home/tutu/.config/discord/0.0.39/modules/pending/discord_desktop_core-1.zip: 26%
2023-12-29T18:39:42.944Z [Modules] Streaming discord_desktop_core@1 to /home/tutu/.config/discord/0.0.39/modules/pending/discord_desktop_core-1.zip: 27%
2023-12-29T18:39:42.949Z [Modules] Streaming discord_desktop_core@1 to /home/tutu/.config/discord/0.0.39/modules/pending/discord_desktop_core-1.zip: 28%
2023-12-29T18:39:42.958Z [Modules] Streaming discord_desktop_core@1 to /home/tutu/.config/discord/0.0.39/modules/pending/discord_desktop_core-1.zip: 29%
2023-12-29T18:39:42.962Z [Modules] Streaming discord_desktop_core@1 to /home/tutu/.config/discord/0.0.39/modules/pending/discord_desktop_core-1.zip: 30%
2023-12-29T18:39:42.973Z [Modules] Streaming discord_desktop_core@1 to /home/tutu/.config/discord/0.0.39/modules/pending/discord_desktop_core-1.zip: 31%
2023-12-29T18:39:42.977Z [Modules] Streaming discord_desktop_core@1 to /home/tutu/.config/discord/0.0.39/modules/pending/discord_desktop_core-1.zip: 32%
2023-12-29T18:39:42.981Z [Modules] Streaming discord_desktop_core@1 to /home/tutu/.config/discord/0.0.39/modules/pending/discord_desktop_core-1.zip: 33%
2023-12-29T18:39:42.984Z [Modules] Streaming discord_desktop_core@1 to /home/tutu/.config/discord/0.0.39/modules/pending/discord_desktop_core-1.zip: 34%
2023-12-29T18:39:42.990Z [Modules] Streaming discord_desktop_core@1 to /home/tutu/.config/discord/0.0.39/modules/pending/discord_desktop_core-1.zip: 35%
2023-12-29T18:39:42.994Z [Modules] Streaming discord_desktop_core@1 to /home/tutu/.config/discord/0.0.39/modules/pending/discord_desktop_core-1.zip: 36%
2023-12-29T18:39:42.998Z [Modules] Streaming discord_desktop_core@1 to /home/tutu/.config/discord/0.0.39/modules/pending/discord_desktop_core-1.zip: 37%
2023-12-29T18:39:43.004Z [Modules] Streaming discord_desktop_core@1 to /home/tutu/.config/discord/0.0.39/modules/pending/discord_desktop_core-1.zip: 38%
2023-12-29T18:39:43.008Z [Modules] Streaming discord_desktop_core@1 to /home/tutu/.config/discord/0.0.39/modules/pending/discord_desktop_core-1.zip: 39%
2023-12-29T18:39:43.013Z [Modules] Streaming discord_desktop_core@1 to /home/tutu/.config/discord/0.0.39/modules/pending/discord_desktop_core-1.zip: 40%
2023-12-29T18:39:43.018Z [Modules] Streaming discord_desktop_core@1 to /home/tutu/.config/discord/0.0.39/modules/pending/discord_desktop_core-1.zip: 41%
2023-12-29T18:39:43.021Z [Modules] Streaming discord_desktop_core@1 to /home/tutu/.config/discord/0.0.39/modules/pending/discord_desktop_core-1.zip: 42%
2023-12-29T18:39:43.026Z [Modules] Streaming discord_desktop_core@1 to /home/tutu/.config/discord/0.0.39/modules/pending/discord_desktop_core-1.zip: 43%
2023-12-29T18:39:43.030Z [Modules] Streaming discord_desktop_core@1 to /home/tutu/.config/discord/0.0.39/modules/pending/discord_desktop_core-1.zip: 44%
2023-12-29T18:39:43.033Z [Modules] Streaming discord_desktop_core@1 to /home/tutu/.config/discord/0.0.39/modules/pending/discord_desktop_core-1.zip: 45%
2023-12-29T18:39:43.040Z [Modules] Streaming discord_desktop_core@1 to /home/tutu/.config/discord/0.0.39/modules/pending/discord_desktop_core-1.zip: 47%
2023-12-29T18:39:43.043Z [Modules] Streaming discord_desktop_core@1 to /home/tutu/.config/discord/0.0.39/modules/pending/discord_desktop_core-1.zip: 48%
2023-12-29T18:39:43.049Z [Modules] Streaming discord_desktop_core@1 to /home/tutu/.config/discord/0.0.39/modules/pending/discord_desktop_core-1.zip: 49%
2023-12-29T18:39:43.052Z [Modules] Streaming discord_desktop_core@1 to /home/tutu/.config/discord/0.0.39/modules/pending/discord_desktop_core-1.zip: 50%
2023-12-29T18:39:43.055Z [Modules] Streaming discord_desktop_core@1 to /home/tutu/.config/discord/0.0.39/modules/pending/discord_desktop_core-1.zip: 51%
2023-12-29T18:39:43.059Z [Modules] Streaming discord_desktop_core@1 to /home/tutu/.config/discord/0.0.39/modules/pending/discord_desktop_core-1.zip: 52%
2023-12-29T18:39:43.063Z [Modules] Streaming discord_desktop_core@1 to /home/tutu/.config/discord/0.0.39/modules/pending/discord_desktop_core-1.zip: 53%
2023-12-29T18:39:43.067Z [Modules] Streaming discord_desktop_core@1 to /home/tutu/.config/discord/0.0.39/modules/pending/discord_desktop_core-1.zip: 54%
2023-12-29T18:39:43.072Z [Modules] Streaming discord_desktop_core@1 to /home/tutu/.config/discord/0.0.39/modules/pending/discord_desktop_core-1.zip: 56%
2023-12-29T18:39:43.075Z [Modules] Streaming discord_desktop_core@1 to /home/tutu/.config/discord/0.0.39/modules/pending/discord_desktop_core-1.zip: 57%
2023-12-29T18:39:43.080Z [Modules] Streaming discord_desktop_core@1 to /home/tutu/.config/discord/0.0.39/modules/pending/discord_desktop_core-1.zip: 59%
2023-12-29T18:39:43.084Z [Modules] Streaming discord_desktop_core@1 to /home/tutu/.config/discord/0.0.39/modules/pending/discord_desktop_core-1.zip: 60%
2023-12-29T18:39:43.088Z [Modules] Streaming discord_desktop_core@1 to /home/tutu/.config/discord/0.0.39/modules/pending/discord_desktop_core-1.zip: 61%
2023-12-29T18:39:43.092Z [Modules] Streaming discord_desktop_core@1 to /home/tutu/.config/discord/0.0.39/modules/pending/discord_desktop_core-1.zip: 63%
2023-12-29T18:39:43.094Z [Modules] Streaming discord_desktop_core@1 to /home/tutu/.config/discord/0.0.39/modules/pending/discord_desktop_core-1.zip: 64%
2023-12-29T18:39:43.096Z [Modules] Streaming discord_desktop_core@1 to /home/tutu/.config/discord/0.0.39/modules/pending/discord_desktop_core-1.zip: 65%
2023-12-29T18:39:43.101Z [Modules] Streaming discord_desktop_core@1 to /home/tutu/.config/discord/0.0.39/modules/pending/discord_desktop_core-1.zip: 66%
2023-12-29T18:39:43.102Z [Modules] Streaming discord_desktop_core@1 to /home/tutu/.config/discord/0.0.39/modules/pending/discord_desktop_core-1.zip: 67%
2023-12-29T18:39:43.104Z [Modules] Streaming discord_desktop_core@1 to /home/tutu/.config/discord/0.0.39/modules/pending/discord_desktop_core-1.zip: 68%
2023-12-29T18:39:43.108Z [Modules] Streaming discord_desktop_core@1 to /home/tutu/.config/discord/0.0.39/modules/pending/discord_desktop_core-1.zip: 69%
2023-12-29T18:39:43.110Z [Modules] Streaming discord_desktop_core@1 to /home/tutu/.config/discord/0.0.39/modules/pending/discord_desktop_core-1.zip: 70%
2023-12-29T18:39:43.111Z [Modules] Streaming discord_desktop_core@1 to /home/tutu/.config/discord/0.0.39/modules/pending/discord_desktop_core-1.zip: 71%
2023-12-29T18:39:43.115Z [Modules] Streaming discord_desktop_core@1 to /home/tutu/.config/discord/0.0.39/modules/pending/discord_desktop_core-1.zip: 72%
2023-12-29T18:39:43.117Z [Modules] Streaming discord_desktop_core@1 to /home/tutu/.config/discord/0.0.39/modules/pending/discord_desktop_core-1.zip: 73%
2023-12-29T18:39:43.120Z [Modules] Streaming discord_desktop_core@1 to /home/tutu/.config/discord/0.0.39/modules/pending/discord_desktop_core-1.zip: 74%
2023-12-29T18:39:43.123Z [Modules] Streaming discord_desktop_core@1 to /home/tutu/.config/discord/0.0.39/modules/pending/discord_desktop_core-1.zip: 75%
2023-12-29T18:39:43.126Z [Modules] Streaming discord_desktop_core@1 to /home/tutu/.config/discord/0.0.39/modules/pending/discord_desktop_core-1.zip: 77%
2023-12-29T18:39:43.132Z [Modules] Streaming discord_desktop_core@1 to /home/tutu/.config/discord/0.0.39/modules/pending/discord_desktop_core-1.zip: 79%
2023-12-29T18:39:43.134Z [Modules] Streaming discord_desktop_core@1 to /home/tutu/.config/discord/0.0.39/modules/pending/discord_desktop_core-1.zip: 80%
2023-12-29T18:39:43.136Z [Modules] Streaming discord_desktop_core@1 to /home/tutu/.config/discord/0.0.39/modules/pending/discord_desktop_core-1.zip: 81%
2023-12-29T18:39:43.138Z [Modules] Streaming discord_desktop_core@1 to /home/tutu/.config/discord/0.0.39/modules/pending/discord_desktop_core-1.zip: 82%
2023-12-29T18:39:43.139Z [Modules] Streaming discord_desktop_core@1 to /home/tutu/.config/discord/0.0.39/modules/pending/discord_desktop_core-1.zip: 83%
2023-12-29T18:39:43.143Z [Modules] Streaming discord_desktop_core@1 to /home/tutu/.config/discord/0.0.39/modules/pending/discord_desktop_core-1.zip: 85%
2023-12-29T18:39:43.146Z [Modules] Streaming discord_desktop_core@1 to /home/tutu/.config/discord/0.0.39/modules/pending/discord_desktop_core-1.zip: 86%
2023-12-29T18:39:43.148Z [Modules] Streaming discord_desktop_core@1 to /home/tutu/.config/discord/0.0.39/modules/pending/discord_desktop_core-1.zip: 87%
2023-12-29T18:39:43.152Z [Modules] Streaming discord_desktop_core@1 to /home/tutu/.config/discord/0.0.39/modules/pending/discord_desktop_core-1.zip: 89%
2023-12-29T18:39:43.156Z [Modules] Streaming discord_desktop_core@1 to /home/tutu/.config/discord/0.0.39/modules/pending/discord_desktop_core-1.zip: 91%
2023-12-29T18:39:43.157Z [Modules] Streaming discord_desktop_core@1 to /home/tutu/.config/discord/0.0.39/modules/pending/discord_desktop_core-1.zip: 92%
2023-12-29T18:39:43.159Z [Modules] Streaming discord_desktop_core@1 to /home/tutu/.config/discord/0.0.39/modules/pending/discord_desktop_core-1.zip: 93%
2023-12-29T18:39:43.161Z [Modules] Streaming discord_desktop_core@1 to /home/tutu/.config/discord/0.0.39/modules/pending/discord_desktop_core-1.zip: 95%
2023-12-29T18:39:43.165Z [Modules] Streaming discord_desktop_core@1 to /home/tutu/.config/discord/0.0.39/modules/pending/discord_desktop_core-1.zip: 96%
2023-12-29T18:39:43.167Z [Modules] Streaming discord_desktop_core@1 to /home/tutu/.config/discord/0.0.39/modules/pending/discord_desktop_core-1.zip: 97%
2023-12-29T18:39:43.168Z [Modules] Streaming discord_desktop_core@1 to /home/tutu/.config/discord/0.0.39/modules/pending/discord_desktop_core-1.zip: 100%
2023-12-29T18:39:43.171Z [Modules] Fetching discord_erlpack@1 from https://discord.com/api/modules/stable/discord_erlpack/1
2023-12-29T18:39:43.171Z [Modules] Streaming discord_erlpack@1 to /home/tutu/.config/discord/0.0.39/modules/pending/discord_erlpack-1.zip
2023-12-29T18:39:43.687Z [Modules] Streaming discord_erlpack@1 to /home/tutu/.config/discord/0.0.39/modules/pending/discord_erlpack-1.zip: 3%
2023-12-29T18:39:43.691Z [Modules] Streaming discord_erlpack@1 to /home/tutu/.config/discord/0.0.39/modules/pending/discord_erlpack-1.zip: 9%
2023-12-29T18:39:43.815Z [Modules] Streaming discord_erlpack@1 to /home/tutu/.config/discord/0.0.39/modules/pending/discord_erlpack-1.zip: 12%
2023-12-29T18:39:43.818Z [Modules] Streaming discord_erlpack@1 to /home/tutu/.config/discord/0.0.39/modules/pending/discord_erlpack-1.zip: 15%
2023-12-29T18:39:43.822Z [Modules] Streaming discord_erlpack@1 to /home/tutu/.config/discord/0.0.39/modules/pending/discord_erlpack-1.zip: 17%
2023-12-29T18:39:43.935Z [Modules] Streaming discord_erlpack@1 to /home/tutu/.config/discord/0.0.39/modules/pending/discord_erlpack-1.zip: 19%
2023-12-29T18:39:43.940Z [Modules] Streaming discord_erlpack@1 to /home/tutu/.config/discord/0.0.39/modules/pending/discord_erlpack-1.zip: 23%
2023-12-29T18:39:43.947Z [Modules] Streaming discord_erlpack@1 to /home/tutu/.config/discord/0.0.39/modules/pending/discord_erlpack-1.zip: 29%
2023-12-29T18:39:43.951Z [Modules] Streaming discord_erlpack@1 to /home/tutu/.config/discord/0.0.39/modules/pending/discord_erlpack-1.zip: 34%
2023-12-29T18:39:44.093Z [Modules] Streaming discord_erlpack@1 to /home/tutu/.config/discord/0.0.39/modules/pending/discord_erlpack-1.zip: 37%
2023-12-29T18:39:44.098Z [Modules] Streaming discord_erlpack@1 to /home/tutu/.config/discord/0.0.39/modules/pending/discord_erlpack-1.zip: 43%
2023-12-29T18:39:44.398Z [Modules] Streaming discord_erlpack@1 to /home/tutu/.config/discord/0.0.39/modules/pending/discord_erlpack-1.zip: 46%
2023-12-29T18:39:44.402Z [Modules] Streaming discord_erlpack@1 to /home/tutu/.config/discord/0.0.39/modules/pending/discord_erlpack-1.zip: 50%
2023-12-29T18:39:44.407Z [Modules] Streaming discord_erlpack@1 to /home/tutu/.config/discord/0.0.39/modules/pending/discord_erlpack-1.zip: 52%
2023-12-29T18:39:45.317Z [Modules] Streaming discord_erlpack@1 to /home/tutu/.config/discord/0.0.39/modules/pending/discord_erlpack-1.zip: 53%
2023-12-29T18:39:45.728Z [Modules] Streaming discord_erlpack@1 to /home/tutu/.config/discord/0.0.39/modules/pending/discord_erlpack-1.zip: 55%
2023-12-29T18:39:45.934Z [Modules] Streaming discord_erlpack@1 to /home/tutu/.config/discord/0.0.39/modules/pending/discord_erlpack-1.zip: 58%
2023-12-29T18:39:46.140Z [Modules] Streaming discord_erlpack@1 to /home/tutu/.config/discord/0.0.39/modules/pending/discord_erlpack-1.zip: 61%
2023-12-29T18:39:46.152Z [Modules] Streaming discord_erlpack@1 to /home/tutu/.config/discord/0.0.39/modules/pending/discord_erlpack-1.zip: 62%
2023-12-29T18:39:46.263Z [Modules] Streaming discord_erlpack@1 to /home/tutu/.config/discord/0.0.39/modules/pending/discord_erlpack-1.zip: 65%
2023-12-29T18:39:46.271Z [Modules] Streaming discord_erlpack@1 to /home/tutu/.config/discord/0.0.39/modules/pending/discord_erlpack-1.zip: 70%
2023-12-29T18:39:46.274Z [Modules] Streaming discord_erlpack@1 to /home/tutu/.config/discord/0.0.39/modules/pending/discord_erlpack-1.zip: 87%
2023-12-29T18:39:46.277Z [Modules] Streaming discord_erlpack@1 to /home/tutu/.config/discord/0.0.39/modules/pending/discord_erlpack-1.zip: 90%
2023-12-29T18:39:46.444Z [Modules] Streaming discord_erlpack@1 to /home/tutu/.config/discord/0.0.39/modules/pending/discord_erlpack-1.zip: 94%
2023-12-29T18:39:46.447Z [Modules] Streaming discord_erlpack@1 to /home/tutu/.config/discord/0.0.39/modules/pending/discord_erlpack-1.zip: 100%
2023-12-29T18:39:46.454Z [Modules] Fetching discord_spellcheck@1 from https://discord.com/api/modules/stable/discord_spellcheck/1
2023-12-29T18:39:46.455Z [Modules] Streaming discord_spellcheck@1 to /home/tutu/.config/discord/0.0.39/modules/pending/discord_spellcheck-1.zip
2023-12-29T18:39:46.902Z [Modules] Streaming discord_spellcheck@1 to /home/tutu/.config/discord/0.0.39/modules/pending/discord_spellcheck-1.zip: 1%
2023-12-29T18:39:46.908Z [Modules] Streaming discord_spellcheck@1 to /home/tutu/.config/discord/0.0.39/modules/pending/discord_spellcheck-1.zip: 3%
2023-12-29T18:39:46.921Z [Modules] Streaming discord_spellcheck@1 to /home/tutu/.config/discord/0.0.39/modules/pending/discord_spellcheck-1.zip: 4%
2023-12-29T18:39:46.932Z [Modules] Streaming discord_spellcheck@1 to /home/tutu/.config/discord/0.0.39/modules/pending/discord_spellcheck-1.zip: 7%
2023-12-29T18:39:46.941Z [Modules] Streaming discord_spellcheck@1 to /home/tutu/.config/discord/0.0.39/modules/pending/discord_spellcheck-1.zip: 8%
2023-12-29T18:39:46.946Z [Modules] Streaming discord_spellcheck@1 to /home/tutu/.config/discord/0.0.39/modules/pending/discord_spellcheck-1.zip: 11%
2023-12-29T18:39:46.949Z [Modules] Streaming discord_spellcheck@1 to /home/tutu/.config/discord/0.0.39/modules/pending/discord_spellcheck-1.zip: 12%
2023-12-29T18:39:46.952Z [Modules] Streaming discord_spellcheck@1 to /home/tutu/.config/discord/0.0.39/modules/pending/discord_spellcheck-1.zip: 13%
2023-12-29T18:39:46.956Z [Modules] Streaming discord_spellcheck@1 to /home/tutu/.config/discord/0.0.39/modules/pending/discord_spellcheck-1.zip: 14%
2023-12-29T18:39:46.970Z [Modules] Streaming discord_spellcheck@1 to /home/tutu/.config/discord/0.0.39/modules/pending/discord_spellcheck-1.zip: 15%
2023-12-29T18:39:46.974Z [Modules] Streaming discord_spellcheck@1 to /home/tutu/.config/discord/0.0.39/modules/pending/discord_spellcheck-1.zip: 16%
2023-12-29T18:39:46.988Z [Modules] Streaming discord_spellcheck@1 to /home/tutu/.config/discord/0.0.39/modules/pending/discord_spellcheck-1.zip: 17%
2023-12-29T18:39:46.989Z [Modules] Streaming discord_spellcheck@1 to /home/tutu/.config/discord/0.0.39/modules/pending/discord_spellcheck-1.zip: 18%
2023-12-29T18:39:46.991Z [Modules] Streaming discord_spellcheck@1 to /home/tutu/.config/discord/0.0.39/modules/pending/discord_spellcheck-1.zip: 19%
2023-12-29T18:39:47.078Z [Modules] Streaming discord_spellcheck@1 to /home/tutu/.config/discord/0.0.39/modules/pending/discord_spellcheck-1.zip: 20%
2023-12-29T18:39:47.083Z [Modules] Streaming discord_spellcheck@1 to /home/tutu/.config/discord/0.0.39/modules/pending/discord_spellcheck-1.zip: 21%
2023-12-29T18:39:47.098Z [Modules] Streaming discord_spellcheck@1 to /home/tutu/.config/discord/0.0.39/modules/pending/discord_spellcheck-1.zip: 22%
2023-12-29T18:39:47.100Z [Modules] Streaming discord_spellcheck@1 to /home/tutu/.config/discord/0.0.39/modules/pending/discord_spellcheck-1.zip: 23%
2023-12-29T18:39:47.103Z [Modules] Streaming discord_spellcheck@1 to /home/tutu/.config/discord/0.0.39/modules/pending/discord_spellcheck-1.zip: 24%
2023-12-29T18:39:47.114Z [Modules] Streaming discord_spellcheck@1 to /home/tutu/.config/discord/0.0.39/modules/pending/discord_spellcheck-1.zip: 25%
2023-12-29T18:39:47.115Z [Modules] Streaming discord_spellcheck@1 to /home/tutu/.config/discord/0.0.39/modules/pending/discord_spellcheck-1.zip: 26%
2023-12-29T18:39:47.120Z [Modules] Streaming discord_spellcheck@1 to /home/tutu/.config/discord/0.0.39/modules/pending/discord_spellcheck-1.zip: 27%
2023-12-29T18:39:47.135Z [Modules] Streaming discord_spellcheck@1 to /home/tutu/.config/discord/0.0.39/modules/pending/discord_spellcheck-1.zip: 28%
2023-12-29T18:39:47.137Z [Modules] Streaming discord_spellcheck@1 to /home/tutu/.config/discord/0.0.39/modules/pending/discord_spellcheck-1.zip: 29%
2023-12-29T18:39:47.141Z [Modules] Streaming discord_spellcheck@1 to /home/tutu/.config/discord/0.0.39/modules/pending/discord_spellcheck-1.zip: 30%
2023-12-29T18:39:47.152Z [Modules] Streaming discord_spellcheck@1 to /home/tutu/.config/discord/0.0.39/modules/pending/discord_spellcheck-1.zip: 31%
2023-12-29T18:39:47.154Z [Modules] Streaming discord_spellcheck@1 to /home/tutu/.config/discord/0.0.39/modules/pending/discord_spellcheck-1.zip: 32%
2023-12-29T18:39:47.161Z [Modules] Streaming discord_spellcheck@1 to /home/tutu/.config/discord/0.0.39/modules/pending/discord_spellcheck-1.zip: 33%
2023-12-29T18:39:47.175Z [Modules] Streaming discord_spellcheck@1 to /home/tutu/.config/discord/0.0.39/modules/pending/discord_spellcheck-1.zip: 34%
2023-12-29T18:39:47.178Z [Modules] Streaming discord_spellcheck@1 to /home/tutu/.config/discord/0.0.39/modules/pending/discord_spellcheck-1.zip: 35%
2023-12-29T18:39:47.180Z [Modules] Streaming discord_spellcheck@1 to /home/tutu/.config/discord/0.0.39/modules/pending/discord_spellcheck-1.zip: 36%
2023-12-29T18:39:47.185Z [Modules] Streaming discord_spellcheck@1 to /home/tutu/.config/discord/0.0.39/modules/pending/discord_spellcheck-1.zip: 37%
2023-12-29T18:39:47.192Z [Modules] Streaming discord_spellcheck@1 to /home/tutu/.config/discord/0.0.39/modules/pending/discord_spellcheck-1.zip: 38%
2023-12-29T18:39:47.199Z [Modules] Streaming discord_spellcheck@1 to /home/tutu/.config/discord/0.0.39/modules/pending/discord_spellcheck-1.zip: 39%
2023-12-29T18:39:47.211Z [Modules] Streaming discord_spellcheck@1 to /home/tutu/.config/discord/0.0.39/modules/pending/discord_spellcheck-1.zip: 40%
2023-12-29T18:39:47.217Z [Modules] Streaming discord_spellcheck@1 to /home/tutu/.config/discord/0.0.39/modules/pending/discord_spellcheck-1.zip: 41%
2023-12-29T18:39:47.235Z [Modules] Streaming discord_spellcheck@1 to /home/tutu/.config/discord/0.0.39/modules/pending/discord_spellcheck-1.zip: 42%
2023-12-29T18:39:47.237Z [Modules] Streaming discord_spellcheck@1 to /home/tutu/.config/discord/0.0.39/modules/pending/discord_spellcheck-1.zip: 43%
2023-12-29T18:39:47.241Z [Modules] Streaming discord_spellcheck@1 to /home/tutu/.config/discord/0.0.39/modules/pending/discord_spellcheck-1.zip: 44%
2023-12-29T18:39:47.244Z [Modules] Streaming discord_spellcheck@1 to /home/tutu/.config/discord/0.0.39/modules/pending/discord_spellcheck-1.zip: 45%
2023-12-29T18:39:47.248Z [Modules] Streaming discord_spellcheck@1 to /home/tutu/.config/discord/0.0.39/modules/pending/discord_spellcheck-1.zip: 46%
2023-12-29T18:39:47.256Z [Modules] Streaming discord_spellcheck@1 to /home/tutu/.config/discord/0.0.39/modules/pending/discord_spellcheck-1.zip: 47%
2023-12-29T18:39:47.260Z [Modules] Streaming discord_spellcheck@1 to /home/tutu/.config/discord/0.0.39/modules/pending/discord_spellcheck-1.zip: 48%
2023-12-29T18:39:47.265Z [Modules] Streaming discord_spellcheck@1 to /home/tutu/.config/discord/0.0.39/modules/pending/discord_spellcheck-1.zip: 49%
2023-12-29T18:39:47.275Z [Modules] Streaming discord_spellcheck@1 to /home/tutu/.config/discord/0.0.39/modules/pending/discord_spellcheck-1.zip: 50%
2023-12-29T18:39:47.279Z [Modules] Streaming discord_spellcheck@1 to /home/tutu/.config/discord/0.0.39/modules/pending/discord_spellcheck-1.zip: 51%
2023-12-29T18:39:47.417Z [Modules] Streaming discord_spellcheck@1 to /home/tutu/.config/discord/0.0.39/modules/pending/discord_spellcheck-1.zip: 52%
2023-12-29T18:39:47.425Z [Modules] Streaming discord_spellcheck@1 to /home/tutu/.config/discord/0.0.39/modules/pending/discord_spellcheck-1.zip: 53%
2023-12-29T18:39:47.429Z [Modules] Streaming discord_spellcheck@1 to /home/tutu/.config/discord/0.0.39/modules/pending/discord_spellcheck-1.zip: 54%
2023-12-29T18:39:47.438Z [Modules] Streaming discord_spellcheck@1 to /home/tutu/.config/discord/0.0.39/modules/pending/discord_spellcheck-1.zip: 55%
2023-12-29T18:39:47.442Z [Modules] Streaming discord_spellcheck@1 to /home/tutu/.config/discord/0.0.39/modules/pending/discord_spellcheck-1.zip: 56%
2023-12-29T18:39:47.452Z [Modules] Streaming discord_spellcheck@1 to /home/tutu/.config/discord/0.0.39/modules/pending/discord_spellcheck-1.zip: 57%
2023-12-29T18:39:47.456Z [Modules] Streaming discord_spellcheck@1 to /home/tutu/.config/discord/0.0.39/modules/pending/discord_spellcheck-1.zip: 58%
2023-12-29T18:39:47.465Z [Modules] Streaming discord_spellcheck@1 to /home/tutu/.config/discord/0.0.39/modules/pending/discord_spellcheck-1.zip: 59%
2023-12-29T18:39:47.470Z [Modules] Streaming discord_spellcheck@1 to /home/tutu/.config/discord/0.0.39/modules/pending/discord_spellcheck-1.zip: 60%
2023-12-29T18:39:47.475Z [Modules] Streaming discord_spellcheck@1 to /home/tutu/.config/discord/0.0.39/modules/pending/discord_spellcheck-1.zip: 61%
2023-12-29T18:39:47.481Z [Modules] Streaming discord_spellcheck@1 to /home/tutu/.config/discord/0.0.39/modules/pending/discord_spellcheck-1.zip: 62%
2023-12-29T18:39:47.488Z [Modules] Streaming discord_spellcheck@1 to /home/tutu/.config/discord/0.0.39/modules/pending/discord_spellcheck-1.zip: 63%
2023-12-29T18:39:47.493Z [Modules] Streaming discord_spellcheck@1 to /home/tutu/.config/discord/0.0.39/modules/pending/discord_spellcheck-1.zip: 64%
2023-12-29T18:39:47.501Z [Modules] Streaming discord_spellcheck@1 to /home/tutu/.config/discord/0.0.39/modules/pending/discord_spellcheck-1.zip: 66%
2023-12-29T18:39:47.506Z [Modules] Streaming discord_spellcheck@1 to /home/tutu/.config/discord/0.0.39/modules/pending/discord_spellcheck-1.zip: 67%
2023-12-29T18:39:47.509Z [Modules] Streaming discord_spellcheck@1 to /home/tutu/.config/discord/0.0.39/modules/pending/discord_spellcheck-1.zip: 68%
2023-12-29T18:39:47.516Z [Modules] Streaming discord_spellcheck@1 to /home/tutu/.config/discord/0.0.39/modules/pending/discord_spellcheck-1.zip: 69%
2023-12-29T18:39:47.519Z [Modules] Streaming discord_spellcheck@1 to /home/tutu/.config/discord/0.0.39/modules/pending/discord_spellcheck-1.zip: 70%
2023-12-29T18:39:47.524Z [Modules] Streaming discord_spellcheck@1 to /home/tutu/.config/discord/0.0.39/modules/pending/discord_spellcheck-1.zip: 71%
2023-12-29T18:39:47.566Z [Modules] Streaming discord_spellcheck@1 to /home/tutu/.config/discord/0.0.39/modules/pending/discord_spellcheck-1.zip: 72%
2023-12-29T18:39:47.571Z [Modules] Streaming discord_spellcheck@1 to /home/tutu/.config/discord/0.0.39/modules/pending/discord_spellcheck-1.zip: 73%
2023-12-29T18:39:47.579Z [Modules] Streaming discord_spellcheck@1 to /home/tutu/.config/discord/0.0.39/modules/pending/discord_spellcheck-1.zip: 74%
2023-12-29T18:39:47.581Z [Modules] Streaming discord_spellcheck@1 to /home/tutu/.config/discord/0.0.39/modules/pending/discord_spellcheck-1.zip: 75%
2023-12-29T18:39:47.585Z [Modules] Streaming discord_spellcheck@1 to /home/tutu/.config/discord/0.0.39/modules/pending/discord_spellcheck-1.zip: 76%
2023-12-29T18:39:47.589Z [Modules] Streaming discord_spellcheck@1 to /home/tutu/.config/discord/0.0.39/modules/pending/discord_spellcheck-1.zip: 77%
2023-12-29T18:39:47.594Z [Modules] Streaming discord_spellcheck@1 to /home/tutu/.config/discord/0.0.39/modules/pending/discord_spellcheck-1.zip: 78%
2023-12-29T18:39:47.603Z [Modules] Streaming discord_spellcheck@1 to /home/tutu/.config/discord/0.0.39/modules/pending/discord_spellcheck-1.zip: 79%
2023-12-29T18:39:47.605Z [Modules] Streaming discord_spellcheck@1 to /home/tutu/.config/discord/0.0.39/modules/pending/discord_spellcheck-1.zip: 80%
2023-12-29T18:39:47.609Z [Modules] Streaming discord_spellcheck@1 to /home/tutu/.config/discord/0.0.39/modules/pending/discord_spellcheck-1.zip: 81%
2023-12-29T18:39:47.617Z [Modules] Streaming discord_spellcheck@1 to /home/tutu/.config/discord/0.0.39/modules/pending/discord_spellcheck-1.zip: 82%
2023-12-29T18:39:47.621Z [Modules] Streaming discord_spellcheck@1 to /home/tutu/.config/discord/0.0.39/modules/pending/discord_spellcheck-1.zip: 83%
2023-12-29T18:39:47.623Z [Modules] Streaming discord_spellcheck@1 to /home/tutu/.config/discord/0.0.39/modules/pending/discord_spellcheck-1.zip: 84%
2023-12-29T18:39:47.627Z [Modules] Streaming discord_spellcheck@1 to /home/tutu/.config/discord/0.0.39/modules/pending/discord_spellcheck-1.zip: 85%
2023-12-29T18:39:47.632Z [Modules] Streaming discord_spellcheck@1 to /home/tutu/.config/discord/0.0.39/modules/pending/discord_spellcheck-1.zip: 86%
2023-12-29T18:39:47.641Z [Modules] Streaming discord_spellcheck@1 to /home/tutu/.config/discord/0.0.39/modules/pending/discord_spellcheck-1.zip: 87%
2023-12-29T18:39:47.644Z [Modules] Streaming discord_spellcheck@1 to /home/tutu/.config/discord/0.0.39/modules/pending/discord_spellcheck-1.zip: 88%
2023-12-29T18:39:47.647Z [Modules] Streaming discord_spellcheck@1 to /home/tutu/.config/discord/0.0.39/modules/pending/discord_spellcheck-1.zip: 89%
2023-12-29T18:39:47.651Z [Modules] Streaming discord_spellcheck@1 to /home/tutu/.config/discord/0.0.39/modules/pending/discord_spellcheck-1.zip: 90%
2023-12-29T18:39:47.688Z [Modules] Streaming discord_spellcheck@1 to /home/tutu/.config/discord/0.0.39/modules/pending/discord_spellcheck-1.zip: 91%
2023-12-29T18:39:47.697Z [Modules] Streaming discord_spellcheck@1 to /home/tutu/.config/discord/0.0.39/modules/pending/discord_spellcheck-1.zip: 92%
2023-12-29T18:39:47.700Z [Modules] Streaming discord_spellcheck@1 to /home/tutu/.config/discord/0.0.39/modules/pending/discord_spellcheck-1.zip: 93%
2023-12-29T18:39:47.712Z [Modules] Streaming discord_spellcheck@1 to /home/tutu/.config/discord/0.0.39/modules/pending/discord_spellcheck-1.zip: 94%
2023-12-29T18:39:47.717Z [Modules] Streaming discord_spellcheck@1 to /home/tutu/.config/discord/0.0.39/modules/pending/discord_spellcheck-1.zip: 95%
2023-12-29T18:39:47.723Z [Modules] Streaming discord_spellcheck@1 to /home/tutu/.config/discord/0.0.39/modules/pending/discord_spellcheck-1.zip: 96%
2023-12-29T18:39:47.729Z [Modules] Streaming discord_spellcheck@1 to /home/tutu/.config/discord/0.0.39/modules/pending/discord_spellcheck-1.zip: 97%
2023-12-29T18:39:47.732Z [Modules] Streaming discord_spellcheck@1 to /home/tutu/.config/discord/0.0.39/modules/pending/discord_spellcheck-1.zip: 98%
2023-12-29T18:39:47.736Z [Modules] Streaming discord_spellcheck@1 to /home/tutu/.config/discord/0.0.39/modules/pending/discord_spellcheck-1.zip: 99%
2023-12-29T18:39:47.741Z [Modules] Streaming discord_spellcheck@1 to /home/tutu/.config/discord/0.0.39/modules/pending/discord_spellcheck-1.zip: 100%
2023-12-29T18:39:47.744Z [Modules] Fetching discord_utils@1 from https://discord.com/api/modules/stable/discord_utils/1
2023-12-29T18:39:47.744Z [Modules] Streaming discord_utils@1 to /home/tutu/.config/discord/0.0.39/modules/pending/discord_utils-1.zip
2023-12-29T18:39:48.090Z [Modules] Streaming discord_utils@1 to /home/tutu/.config/discord/0.0.39/modules/pending/discord_utils-1.zip: 2%
2023-12-29T18:39:48.093Z [Modules] Streaming discord_utils@1 to /home/tutu/.config/discord/0.0.39/modules/pending/discord_utils-1.zip: 5%
2023-12-29T18:39:48.220Z [Modules] Streaming discord_utils@1 to /home/tutu/.config/discord/0.0.39/modules/pending/discord_utils-1.zip: 7%
2023-12-29T18:39:48.222Z [Modules] Streaming discord_utils@1 to /home/tutu/.config/discord/0.0.39/modules/pending/discord_utils-1.zip: 8%
2023-12-29T18:39:48.224Z [Modules] Streaming discord_utils@1 to /home/tutu/.config/discord/0.0.39/modules/pending/discord_utils-1.zip: 10%
2023-12-29T18:39:48.345Z [Modules] Streaming discord_utils@1 to /home/tutu/.config/discord/0.0.39/modules/pending/discord_utils-1.zip: 11%
2023-12-29T18:39:48.350Z [Modules] Streaming discord_utils@1 to /home/tutu/.config/discord/0.0.39/modules/pending/discord_utils-1.zip: 14%
2023-12-29T18:39:48.356Z [Modules] Streaming discord_utils@1 to /home/tutu/.config/discord/0.0.39/modules/pending/discord_utils-1.zip: 15%
2023-12-29T18:39:48.360Z [Modules] Streaming discord_utils@1 to /home/tutu/.config/discord/0.0.39/modules/pending/discord_utils-1.zip: 17%
2023-12-29T18:39:48.366Z [Modules] Streaming discord_utils@1 to /home/tutu/.config/discord/0.0.39/modules/pending/discord_utils-1.zip: 18%
2023-12-29T18:39:48.371Z [Modules] Streaming discord_utils@1 to /home/tutu/.config/discord/0.0.39/modules/pending/discord_utils-1.zip: 21%
2023-12-29T18:39:48.450Z [Modules] Streaming discord_utils@1 to /home/tutu/.config/discord/0.0.39/modules/pending/discord_utils-1.zip: 22%
2023-12-29T18:39:48.471Z [Modules] Streaming discord_utils@1 to /home/tutu/.config/discord/0.0.39/modules/pending/discord_utils-1.zip: 23%
2023-12-29T18:39:48.475Z [Modules] Streaming discord_utils@1 to /home/tutu/.config/discord/0.0.39/modules/pending/discord_utils-1.zip: 24%
2023-12-29T18:39:48.484Z [Modules] Streaming discord_utils@1 to /home/tutu/.config/discord/0.0.39/modules/pending/discord_utils-1.zip: 26%
2023-12-29T18:39:48.494Z [Modules] Streaming discord_utils@1 to /home/tutu/.config/discord/0.0.39/modules/pending/discord_utils-1.zip: 27%
2023-12-29T18:39:48.501Z [Modules] Streaming discord_utils@1 to /home/tutu/.config/discord/0.0.39/modules/pending/discord_utils-1.zip: 38%
2023-12-29T18:39:48.506Z [Modules] Streaming discord_utils@1 to /home/tutu/.config/discord/0.0.39/modules/pending/discord_utils-1.zip: 42%
2023-12-29T18:39:48.570Z [Modules] Streaming discord_utils@1 to /home/tutu/.config/discord/0.0.39/modules/pending/discord_utils-1.zip: 43%
2023-12-29T18:39:48.591Z [Modules] Streaming discord_utils@1 to /home/tutu/.config/discord/0.0.39/modules/pending/discord_utils-1.zip: 44%
2023-12-29T18:39:48.597Z [Modules] Streaming discord_utils@1 to /home/tutu/.config/discord/0.0.39/modules/pending/discord_utils-1.zip: 47%
2023-12-29T18:39:48.601Z [Modules] Streaming discord_utils@1 to /home/tutu/.config/discord/0.0.39/modules/pending/discord_utils-1.zip: 49%
2023-12-29T18:39:48.604Z [Modules] Streaming discord_utils@1 to /home/tutu/.config/discord/0.0.39/modules/pending/discord_utils-1.zip: 51%
2023-12-29T18:39:48.606Z [Modules] Streaming discord_utils@1 to /home/tutu/.config/discord/0.0.39/modules/pending/discord_utils-1.zip: 53%
2023-12-29T18:39:48.611Z [Modules] Streaming discord_utils@1 to /home/tutu/.config/discord/0.0.39/modules/pending/discord_utils-1.zip: 54%
2023-12-29T18:39:48.618Z [Modules] Streaming discord_utils@1 to /home/tutu/.config/discord/0.0.39/modules/pending/discord_utils-1.zip: 59%
2023-12-29T18:39:48.624Z [Modules] Streaming discord_utils@1 to /home/tutu/.config/discord/0.0.39/modules/pending/discord_utils-1.zip: 64%
2023-12-29T18:39:48.632Z [Modules] Streaming discord_utils@1 to /home/tutu/.config/discord/0.0.39/modules/pending/discord_utils-1.zip: 67%
2023-12-29T18:39:48.637Z [Modules] Streaming discord_utils@1 to /home/tutu/.config/discord/0.0.39/modules/pending/discord_utils-1.zip: 78%
2023-12-29T18:39:48.642Z [Modules] Streaming discord_utils@1 to /home/tutu/.config/discord/0.0.39/modules/pending/discord_utils-1.zip: 82%
2023-12-29T18:39:48.646Z [Modules] Streaming discord_utils@1 to /home/tutu/.config/discord/0.0.39/modules/pending/discord_utils-1.zip: 85%
2023-12-29T18:39:48.651Z [Modules] Streaming discord_utils@1 to /home/tutu/.config/discord/0.0.39/modules/pending/discord_utils-1.zip: 88%
2023-12-29T18:39:48.656Z [Modules] Streaming discord_utils@1 to /home/tutu/.config/discord/0.0.39/modules/pending/discord_utils-1.zip: 90%
2023-12-29T18:39:48.659Z [Modules] Streaming discord_utils@1 to /home/tutu/.config/discord/0.0.39/modules/pending/discord_utils-1.zip: 92%
2023-12-29T18:39:48.662Z [Modules] Streaming discord_utils@1 to /home/tutu/.config/discord/0.0.39/modules/pending/discord_utils-1.zip: 93%
2023-12-29T18:39:48.665Z [Modules] Streaming discord_utils@1 to /home/tutu/.config/discord/0.0.39/modules/pending/discord_utils-1.zip: 96%
2023-12-29T18:39:48.669Z [Modules] Streaming discord_utils@1 to /home/tutu/.config/discord/0.0.39/modules/pending/discord_utils-1.zip: 97%
2023-12-29T18:39:48.688Z [Modules] Streaming discord_utils@1 to /home/tutu/.config/discord/0.0.39/modules/pending/discord_utils-1.zip: 98%
2023-12-29T18:39:48.713Z [Modules] Streaming discord_utils@1 to /home/tutu/.config/discord/0.0.39/modules/pending/discord_utils-1.zip: 99%
2023-12-29T18:39:48.714Z [Modules] Streaming discord_utils@1 to /home/tutu/.config/discord/0.0.39/modules/pending/discord_utils-1.zip: 100%
2023-12-29T18:39:48.718Z [Modules] Fetching discord_voice@1 from https://discord.com/api/modules/stable/discord_voice/1
2023-12-29T18:39:48.718Z [Modules] Streaming discord_voice@1 to /home/tutu/.config/discord/0.0.39/modules/pending/discord_voice-1.zip
2023-12-29T18:39:49.154Z [Modules] Streaming discord_voice@1 to /home/tutu/.config/discord/0.0.39/modules/pending/discord_voice-1.zip: 1%
2023-12-29T18:39:49.175Z [Modules] Streaming discord_voice@1 to /home/tutu/.config/discord/0.0.39/modules/pending/discord_voice-1.zip: 2%
2023-12-29T18:39:49.180Z [Modules] Streaming discord_voice@1 to /home/tutu/.config/discord/0.0.39/modules/pending/discord_voice-1.zip: 3%
2023-12-29T18:39:49.190Z [Modules] Streaming discord_voice@1 to /home/tutu/.config/discord/0.0.39/modules/pending/discord_voice-1.zip: 4%
2023-12-29T18:39:49.204Z [Modules] Streaming discord_voice@1 to /home/tutu/.config/discord/0.0.39/modules/pending/discord_voice-1.zip: 5%
2023-12-29T18:39:49.215Z [Modules] Streaming discord_voice@1 to /home/tutu/.config/discord/0.0.39/modules/pending/discord_voice-1.zip: 6%
2023-12-29T18:39:49.228Z [Modules] Streaming discord_voice@1 to /home/tutu/.config/discord/0.0.39/modules/pending/discord_voice-1.zip: 7%
2023-12-29T18:39:49.280Z [Modules] Streaming discord_voice@1 to /home/tutu/.config/discord/0.0.39/modules/pending/discord_voice-1.zip: 8%
2023-12-29T18:39:49.294Z [Modules] Streaming discord_voice@1 to /home/tutu/.config/discord/0.0.39/modules/pending/discord_voice-1.zip: 9%
2023-12-29T18:39:49.305Z [Modules] Streaming discord_voice@1 to /home/tutu/.config/discord/0.0.39/modules/pending/discord_voice-1.zip: 10%
2023-12-29T18:39:49.320Z [Modules] Streaming discord_voice@1 to /home/tutu/.config/discord/0.0.39/modules/pending/discord_voice-1.zip: 11%
2023-12-29T18:39:49.334Z [Modules] Streaming discord_voice@1 to /home/tutu/.config/discord/0.0.39/modules/pending/discord_voice-1.zip: 12%
2023-12-29T18:39:49.347Z [Modules] Streaming discord_voice@1 to /home/tutu/.config/discord/0.0.39/modules/pending/discord_voice-1.zip: 13%
2023-12-29T18:39:49.357Z [Modules] Streaming discord_voice@1 to /home/tutu/.config/discord/0.0.39/modules/pending/discord_voice-1.zip: 14%
2023-12-29T18:39:49.370Z [Modules] Streaming discord_voice@1 to /home/tutu/.config/discord/0.0.39/modules/pending/discord_voice-1.zip: 15%
2023-12-29T18:39:49.410Z [Modules] Streaming discord_voice@1 to /home/tutu/.config/discord/0.0.39/modules/pending/discord_voice-1.zip: 16%
2023-12-29T18:39:49.431Z [Modules] Streaming discord_voice@1 to /home/tutu/.config/discord/0.0.39/modules/pending/discord_voice-1.zip: 17%
2023-12-29T18:39:49.445Z [Modules] Streaming discord_voice@1 to /home/tutu/.config/discord/0.0.39/modules/pending/discord_voice-1.zip: 18%
2023-12-29T18:39:49.458Z [Modules] Streaming discord_voice@1 to /home/tutu/.config/discord/0.0.39/modules/pending/discord_voice-1.zip: 19%
2023-12-29T18:39:49.475Z [Modules] Streaming discord_voice@1 to /home/tutu/.config/discord/0.0.39/modules/pending/discord_voice-1.zip: 20%
2023-12-29T18:39:49.483Z [Modules] Streaming discord_voice@1 to /home/tutu/.config/discord/0.0.39/modules/pending/discord_voice-1.zip: 21%
2023-12-29T18:39:49.494Z [Modules] Streaming discord_voice@1 to /home/tutu/.config/discord/0.0.39/modules/pending/discord_voice-1.zip: 22%
2023-12-29T18:39:49.509Z [Modules] Streaming discord_voice@1 to /home/tutu/.config/discord/0.0.39/modules/pending/discord_voice-1.zip: 23%
2023-12-29T18:39:49.541Z [Modules] Streaming discord_voice@1 to /home/tutu/.config/discord/0.0.39/modules/pending/discord_voice-1.zip: 24%
2023-12-29T18:39:49.566Z [Modules] Streaming discord_voice@1 to /home/tutu/.config/discord/0.0.39/modules/pending/discord_voice-1.zip: 25%
2023-12-29T18:39:49.580Z [Modules] Streaming discord_voice@1 to /home/tutu/.config/discord/0.0.39/modules/pending/discord_voice-1.zip: 26%
2023-12-29T18:39:49.598Z [Modules] Streaming discord_voice@1 to /home/tutu/.config/discord/0.0.39/modules/pending/discord_voice-1.zip: 27%
2023-12-29T18:39:49.613Z [Modules] Streaming discord_voice@1 to /home/tutu/.config/discord/0.0.39/modules/pending/discord_voice-1.zip: 28%
2023-12-29T18:39:49.627Z [Modules] Streaming discord_voice@1 to /home/tutu/.config/discord/0.0.39/modules/pending/discord_voice-1.zip: 29%
2023-12-29T18:39:49.635Z [Modules] Streaming discord_voice@1 to /home/tutu/.config/discord/0.0.39/modules/pending/discord_voice-1.zip: 30%
2023-12-29T18:39:49.652Z [Modules] Streaming discord_voice@1 to /home/tutu/.config/discord/0.0.39/modules/pending/discord_voice-1.zip: 31%
2023-12-29T18:39:49.694Z [Modules] Streaming discord_voice@1 to /home/tutu/.config/discord/0.0.39/modules/pending/discord_voice-1.zip: 32%
2023-12-29T18:39:49.707Z [Modules] Streaming discord_voice@1 to /home/tutu/.config/discord/0.0.39/modules/pending/discord_voice-1.zip: 33%
2023-12-29T18:39:49.723Z [Modules] Streaming discord_voice@1 to /home/tutu/.config/discord/0.0.39/modules/pending/discord_voice-1.zip: 34%
2023-12-29T18:39:49.738Z [Modules] Streaming discord_voice@1 to /home/tutu/.config/discord/0.0.39/modules/pending/discord_voice-1.zip: 35%
2023-12-29T18:39:49.749Z [Modules] Streaming discord_voice@1 to /home/tutu/.config/discord/0.0.39/modules/pending/discord_voice-1.zip: 36%
2023-12-29T18:39:49.760Z [Modules] Streaming discord_voice@1 to /home/tutu/.config/discord/0.0.39/modules/pending/discord_voice-1.zip: 37%
2023-12-29T18:39:49.772Z [Modules] Streaming discord_voice@1 to /home/tutu/.config/discord/0.0.39/modules/pending/discord_voice-1.zip: 38%
2023-12-29T18:39:49.791Z [Modules] Streaming discord_voice@1 to /home/tutu/.config/discord/0.0.39/modules/pending/discord_voice-1.zip: 39%
2023-12-29T18:39:49.837Z [Modules] Streaming discord_voice@1 to /home/tutu/.config/discord/0.0.39/modules/pending/discord_voice-1.zip: 40%
2023-12-29T18:39:49.852Z [Modules] Streaming discord_voice@1 to /home/tutu/.config/discord/0.0.39/modules/pending/discord_voice-1.zip: 41%
2023-12-29T18:39:49.863Z [Modules] Streaming discord_voice@1 to /home/tutu/.config/discord/0.0.39/modules/pending/discord_voice-1.zip: 42%
2023-12-29T18:39:49.878Z [Modules] Streaming discord_voice@1 to /home/tutu/.config/discord/0.0.39/modules/pending/discord_voice-1.zip: 43%
2023-12-29T18:39:49.892Z [Modules] Streaming discord_voice@1 to /home/tutu/.config/discord/0.0.39/modules/pending/discord_voice-1.zip: 44%
2023-12-29T18:39:49.904Z [Modules] Streaming discord_voice@1 to /home/tutu/.config/discord/0.0.39/modules/pending/discord_voice-1.zip: 45%
2023-12-29T18:39:49.916Z [Modules] Streaming discord_voice@1 to /home/tutu/.config/discord/0.0.39/modules/pending/discord_voice-1.zip: 46%
2023-12-29T18:39:49.953Z [Modules] Streaming discord_voice@1 to /home/tutu/.config/discord/0.0.39/modules/pending/discord_voice-1.zip: 47%
2023-12-29T18:39:49.971Z [Modules] Streaming discord_voice@1 to /home/tutu/.config/discord/0.0.39/modules/pending/discord_voice-1.zip: 48%
2023-12-29T18:39:49.987Z [Modules] Streaming discord_voice@1 to /home/tutu/.config/discord/0.0.39/modules/pending/discord_voice-1.zip: 49%
2023-12-29T18:39:50.001Z [Modules] Streaming discord_voice@1 to /home/tutu/.config/discord/0.0.39/modules/pending/discord_voice-1.zip: 50%
2023-12-29T18:39:50.015Z [Modules] Streaming discord_voice@1 to /home/tutu/.config/discord/0.0.39/modules/pending/discord_voice-1.zip: 51%
2023-12-29T18:39:50.033Z [Modules] Streaming discord_voice@1 to /home/tutu/.config/discord/0.0.39/modules/pending/discord_voice-1.zip: 52%
2023-12-29T18:39:50.043Z [Modules] Streaming discord_voice@1 to /home/tutu/.config/discord/0.0.39/modules/pending/discord_voice-1.zip: 53%
2023-12-29T18:39:50.057Z [Modules] Streaming discord_voice@1 to /home/tutu/.config/discord/0.0.39/modules/pending/discord_voice-1.zip: 54%
2023-12-29T18:39:50.081Z [Modules] Streaming discord_voice@1 to /home/tutu/.config/discord/0.0.39/modules/pending/discord_voice-1.zip: 55%
2023-12-29T18:39:50.111Z [Modules] Streaming discord_voice@1 to /home/tutu/.config/discord/0.0.39/modules/pending/discord_voice-1.zip: 56%
2023-12-29T18:39:50.125Z [Modules] Streaming discord_voice@1 to /home/tutu/.config/discord/0.0.39/modules/pending/discord_voice-1.zip: 57%
2023-12-29T18:39:50.138Z [Modules] Streaming discord_voice@1 to /home/tutu/.config/discord/0.0.39/modules/pending/discord_voice-1.zip: 58%
2023-12-29T18:39:50.163Z [Modules] Streaming discord_voice@1 to /home/tutu/.config/discord/0.0.39/modules/pending/discord_voice-1.zip: 59%
2023-12-29T18:39:50.172Z [Modules] Streaming discord_voice@1 to /home/tutu/.config/discord/0.0.39/modules/pending/discord_voice-1.zip: 60%
2023-12-29T18:39:50.185Z [Modules] Streaming discord_voice@1 to /home/tutu/.config/discord/0.0.39/modules/pending/discord_voice-1.zip: 61%
2023-12-29T18:39:50.199Z [Modules] Streaming discord_voice@1 to /home/tutu/.config/discord/0.0.39/modules/pending/discord_voice-1.zip: 62%
2023-12-29T18:39:50.220Z [Modules] Streaming discord_voice@1 to /home/tutu/.config/discord/0.0.39/modules/pending/discord_voice-1.zip: 63%
2023-12-29T18:39:50.240Z [Modules] Streaming discord_voice@1 to /home/tutu/.config/discord/0.0.39/modules/pending/discord_voice-1.zip: 64%
2023-12-29T18:39:50.258Z [Modules] Streaming discord_voice@1 to /home/tutu/.config/discord/0.0.39/modules/pending/discord_voice-1.zip: 65%
2023-12-29T18:39:50.275Z [Modules] Streaming discord_voice@1 to /home/tutu/.config/discord/0.0.39/modules/pending/discord_voice-1.zip: 66%
2023-12-29T18:39:50.294Z [Modules] Streaming discord_voice@1 to /home/tutu/.config/discord/0.0.39/modules/pending/discord_voice-1.zip: 67%
2023-12-29T18:39:50.301Z [Modules] Streaming discord_voice@1 to /home/tutu/.config/discord/0.0.39/modules/pending/discord_voice-1.zip: 68%
2023-12-29T18:39:50.314Z [Modules] Streaming discord_voice@1 to /home/tutu/.config/discord/0.0.39/modules/pending/discord_voice-1.zip: 69%
2023-12-29T18:39:50.330Z [Modules] Streaming discord_voice@1 to /home/tutu/.config/discord/0.0.39/modules/pending/discord_voice-1.zip: 70%
2023-12-29T18:39:50.355Z [Modules] Streaming discord_voice@1 to /home/tutu/.config/discord/0.0.39/modules/pending/discord_voice-1.zip: 71%
2023-12-29T18:39:50.372Z [Modules] Streaming discord_voice@1 to /home/tutu/.config/discord/0.0.39/modules/pending/discord_voice-1.zip: 72%
2023-12-29T18:39:50.395Z [Modules] Streaming discord_voice@1 to /home/tutu/.config/discord/0.0.39/modules/pending/discord_voice-1.zip: 73%
2023-12-29T18:39:50.407Z [Modules] Streaming discord_voice@1 to /home/tutu/.config/discord/0.0.39/modules/pending/discord_voice-1.zip: 74%
2023-12-29T18:39:50.437Z [Modules] Streaming discord_voice@1 to /home/tutu/.config/discord/0.0.39/modules/pending/discord_voice-1.zip: 75%
2023-12-29T18:39:50.443Z [Modules] Streaming discord_voice@1 to /home/tutu/.config/discord/0.0.39/modules/pending/discord_voice-1.zip: 76%
2023-12-29T18:39:50.459Z [Modules] Streaming discord_voice@1 to /home/tutu/.config/discord/0.0.39/modules/pending/discord_voice-1.zip: 77%
2023-12-29T18:39:50.480Z [Modules] Streaming discord_voice@1 to /home/tutu/.config/discord/0.0.39/modules/pending/discord_voice-1.zip: 78%
2023-12-29T18:39:50.498Z [Modules] Streaming discord_voice@1 to /home/tutu/.config/discord/0.0.39/modules/pending/discord_voice-1.zip: 79%
2023-12-29T18:39:50.509Z [Modules] Streaming discord_voice@1 to /home/tutu/.config/discord/0.0.39/modules/pending/discord_voice-1.zip: 80%
2023-12-29T18:39:50.523Z [Modules] Streaming discord_voice@1 to /home/tutu/.config/discord/0.0.39/modules/pending/discord_voice-1.zip: 81%
2023-12-29T18:39:50.535Z [Modules] Streaming discord_voice@1 to /home/tutu/.config/discord/0.0.39/modules/pending/discord_voice-1.zip: 82%
2023-12-29T18:39:50.554Z [Modules] Streaming discord_voice@1 to /home/tutu/.config/discord/0.0.39/modules/pending/discord_voice-1.zip: 83%
2023-12-29T18:39:50.566Z [Modules] Streaming discord_voice@1 to /home/tutu/.config/discord/0.0.39/modules/pending/discord_voice-1.zip: 84%
2023-12-29T18:39:50.594Z [Modules] Streaming discord_voice@1 to /home/tutu/.config/discord/0.0.39/modules/pending/discord_voice-1.zip: 85%
2023-12-29T18:39:50.613Z [Modules] Streaming discord_voice@1 to /home/tutu/.config/discord/0.0.39/modules/pending/discord_voice-1.zip: 86%
2023-12-29T18:39:50.633Z [Modules] Streaming discord_voice@1 to /home/tutu/.config/discord/0.0.39/modules/pending/discord_voice-1.zip: 87%
2023-12-29T18:39:50.644Z [Modules] Streaming discord_voice@1 to /home/tutu/.config/discord/0.0.39/modules/pending/discord_voice-1.zip: 88%
2023-12-29T18:39:50.658Z [Modules] Streaming discord_voice@1 to /home/tutu/.config/discord/0.0.39/modules/pending/discord_voice-1.zip: 89%
2023-12-29T18:39:50.674Z [Modules] Streaming discord_voice@1 to /home/tutu/.config/discord/0.0.39/modules/pending/discord_voice-1.zip: 90%
2023-12-29T18:39:50.686Z [Modules] Streaming discord_voice@1 to /home/tutu/.config/discord/0.0.39/modules/pending/discord_voice-1.zip: 91%
2023-12-29T18:39:50.700Z [Modules] Streaming discord_voice@1 to /home/tutu/.config/discord/0.0.39/modules/pending/discord_voice-1.zip: 92%
2023-12-29T18:39:50.724Z [Modules] Streaming discord_voice@1 to /home/tutu/.config/discord/0.0.39/modules/pending/discord_voice-1.zip: 93%
2023-12-29T18:39:50.752Z [Modules] Streaming discord_voice@1 to /home/tutu/.config/discord/0.0.39/modules/pending/discord_voice-1.zip: 94%
2023-12-29T18:39:50.765Z [Modules] Streaming discord_voice@1 to /home/tutu/.config/discord/0.0.39/modules/pending/discord_voice-1.zip: 95%
2023-12-29T18:39:50.782Z [Modules] Streaming discord_voice@1 to /home/tutu/.config/discord/0.0.39/modules/pending/discord_voice-1.zip: 96%
2023-12-29T18:39:50.799Z [Modules] Streaming discord_voice@1 to /home/tutu/.config/discord/0.0.39/modules/pending/discord_voice-1.zip: 97%
2023-12-29T18:39:50.810Z [Modules] Streaming discord_voice@1 to /home/tutu/.config/discord/0.0.39/modules/pending/discord_voice-1.zip: 98%
2023-12-29T18:39:50.824Z [Modules] Streaming discord_voice@1 to /home/tutu/.config/discord/0.0.39/modules/pending/discord_voice-1.zip: 99%
2023-12-29T18:39:50.841Z [Modules] Streaming discord_voice@1 to /home/tutu/.config/discord/0.0.39/modules/pending/discord_voice-1.zip: 100%
2023-12-29T18:39:50.845Z [Modules] Finished module downloads. [success: 5] [failure: 0]
2023-12-29T18:39:50.846Z [Modules] Installing updates...
2023-12-29T18:39:50.847Z [Modules] Installing discord_desktop_core@1 from /home/tutu/.config/discord/0.0.39/modules/pending/discord_desktop_core-1.zip
2023-12-29T18:39:50.992Z [Modules] Installing discord_erlpack@1 from /home/tutu/.config/discord/0.0.39/modules/pending/discord_erlpack-1.zip
2023-12-29T18:39:51.089Z [Modules] Installing discord_spellcheck@1 from /home/tutu/.config/discord/0.0.39/modules/pending/discord_spellcheck-1.zip
2023-12-29T18:39:52.617Z [Modules] Installing discord_utils@1 from /home/tutu/.config/discord/0.0.39/modules/pending/discord_utils-1.zip
2023-12-29T18:39:52.875Z [Modules] Installing discord_voice@1 from /home/tutu/.config/discord/0.0.39/modules/pending/discord_voice-1.zip
2023-12-29T18:39:54.154Z [Modules] Finished module installations. [success: 5] [failure: 0]
2023-12-29T18:39:54.154Z [Modules] Checking for host updates.
2023-12-29T18:39:54.544Z [Modules] Host is up to date.
2023-12-29T18:39:54.545Z [Modules] Checking for module updates at https://discord.com/api/modules/stable/versions.json
2023-12-29T18:39:54.559Z [Modules] No module updates available.
2023-12-29T18:39:56.981Z [Modules] Starting to install discord_krisp...
2023-12-29T18:39:56.981Z [Modules] Fetching discord_krisp@1 from https://discord.com/api/modules/stable/discord_krisp/1
2023-12-29T18:39:56.982Z [Modules] Streaming discord_krisp@1 to /home/tutu/.config/discord/0.0.39/modules/pending/discord_krisp-1.zip
2023-12-29T18:39:56.997Z [Modules] Starting to install discord_game_utils...
2023-12-29T18:39:57.354Z [Modules] Streaming discord_krisp@1 to /home/tutu/.config/discord/0.0.39/modules/pending/discord_krisp-1.zip: 1%
2023-12-29T18:39:57.361Z [Modules] Streaming discord_krisp@1 to /home/tutu/.config/discord/0.0.39/modules/pending/discord_krisp-1.zip: 2%
2023-12-29T18:39:57.372Z [Modules] Streaming discord_krisp@1 to /home/tutu/.config/discord/0.0.39/modules/pending/discord_krisp-1.zip: 3%
2023-12-29T18:39:57.380Z [Modules] Streaming discord_krisp@1 to /home/tutu/.config/discord/0.0.39/modules/pending/discord_krisp-1.zip: 4%
2023-12-29T18:39:57.391Z [Modules] Streaming discord_krisp@1 to /home/tutu/.config/discord/0.0.39/modules/pending/discord_krisp-1.zip: 5%
2023-12-29T18:39:57.399Z [Modules] Streaming discord_krisp@1 to /home/tutu/.config/discord/0.0.39/modules/pending/discord_krisp-1.zip: 6%
2023-12-29T18:39:57.408Z [Modules] Streaming discord_krisp@1 to /home/tutu/.config/discord/0.0.39/modules/pending/discord_krisp-1.zip: 7%
2023-12-29T18:39:57.425Z [Modules] Streaming discord_krisp@1 to /home/tutu/.config/discord/0.0.39/modules/pending/discord_krisp-1.zip: 8%
2023-12-29T18:39:57.469Z [Modules] Streaming discord_krisp@1 to /home/tutu/.config/discord/0.0.39/modules/pending/discord_krisp-1.zip: 9%
2023-12-29T18:39:57.489Z [Modules] Streaming discord_krisp@1 to /home/tutu/.config/discord/0.0.39/modules/pending/discord_krisp-1.zip: 10%
2023-12-29T18:39:57.527Z [Modules] Streaming discord_krisp@1 to /home/tutu/.config/discord/0.0.39/modules/pending/discord_krisp-1.zip: 11%
2023-12-29T18:39:57.528Z [Modules] Streaming discord_krisp@1 to /home/tutu/.config/discord/0.0.39/modules/pending/discord_krisp-1.zip: 12%
2023-12-29T18:39:57.546Z [Modules] Streaming discord_krisp@1 to /home/tutu/.config/discord/0.0.39/modules/pending/discord_krisp-1.zip: 13%
2023-12-29T18:39:57.588Z [Modules] Streaming discord_krisp@1 to /home/tutu/.config/discord/0.0.39/modules/pending/discord_krisp-1.zip: 14%
2023-12-29T18:39:57.589Z [Modules] Streaming discord_krisp@1 to /home/tutu/.config/discord/0.0.39/modules/pending/discord_krisp-1.zip: 15%
2023-12-29T18:39:57.606Z [Modules] Streaming discord_krisp@1 to /home/tutu/.config/discord/0.0.39/modules/pending/discord_krisp-1.zip: 16%
2023-12-29T18:39:57.612Z [Modules] Streaming discord_krisp@1 to /home/tutu/.config/discord/0.0.39/modules/pending/discord_krisp-1.zip: 17%
2023-12-29T18:39:57.636Z [Modules] Streaming discord_krisp@1 to /home/tutu/.config/discord/0.0.39/modules/pending/discord_krisp-1.zip: 18%
2023-12-29T18:39:57.651Z [Modules] Streaming discord_krisp@1 to /home/tutu/.config/discord/0.0.39/modules/pending/discord_krisp-1.zip: 19%
2023-12-29T18:39:57.688Z [Modules] Streaming discord_krisp@1 to /home/tutu/.config/discord/0.0.39/modules/pending/discord_krisp-1.zip: 20%
2023-12-29T18:39:57.784Z [Modules] Streaming discord_krisp@1 to /home/tutu/.config/discord/0.0.39/modules/pending/discord_krisp-1.zip: 21%
2023-12-29T18:39:57.788Z [Modules] Streaming discord_krisp@1 to /home/tutu/.config/discord/0.0.39/modules/pending/discord_krisp-1.zip: 23%
2023-12-29T18:39:57.790Z [Modules] Streaming discord_krisp@1 to /home/tutu/.config/discord/0.0.39/modules/pending/discord_krisp-1.zip: 24%
2023-12-29T18:39:57.792Z [Modules] Streaming discord_krisp@1 to /home/tutu/.config/discord/0.0.39/modules/pending/discord_krisp-1.zip: 25%
2023-12-29T18:39:57.803Z [Modules] Streaming discord_krisp@1 to /home/tutu/.config/discord/0.0.39/modules/pending/discord_krisp-1.zip: 26%
2023-12-29T18:39:57.856Z [Modules] Streaming discord_krisp@1 to /home/tutu/.config/discord/0.0.39/modules/pending/discord_krisp-1.zip: 27%
2023-12-29T18:39:57.859Z [Modules] Streaming discord_krisp@1 to /home/tutu/.config/discord/0.0.39/modules/pending/discord_krisp-1.zip: 28%
2023-12-29T18:39:57.861Z [Modules] Streaming discord_krisp@1 to /home/tutu/.config/discord/0.0.39/modules/pending/discord_krisp-1.zip: 29%
2023-12-29T18:39:57.914Z [Modules] Streaming discord_krisp@1 to /home/tutu/.config/discord/0.0.39/modules/pending/discord_krisp-1.zip: 30%
2023-12-29T18:39:57.931Z [Modules] Streaming discord_krisp@1 to /home/tutu/.config/discord/0.0.39/modules/pending/discord_krisp-1.zip: 31%
2023-12-29T18:39:57.933Z [Modules] Streaming discord_krisp@1 to /home/tutu/.config/discord/0.0.39/modules/pending/discord_krisp-1.zip: 32%
2023-12-29T18:39:57.943Z [Modules] Streaming discord_krisp@1 to /home/tutu/.config/discord/0.0.39/modules/pending/discord_krisp-1.zip: 33%
2023-12-29T18:39:57.957Z [Modules] Streaming discord_krisp@1 to /home/tutu/.config/discord/0.0.39/modules/pending/discord_krisp-1.zip: 34%
2023-12-29T18:39:57.966Z [Modules] Streaming discord_krisp@1 to /home/tutu/.config/discord/0.0.39/modules/pending/discord_krisp-1.zip: 35%
2023-12-29T18:39:57.982Z [Modules] Streaming discord_krisp@1 to /home/tutu/.config/discord/0.0.39/modules/pending/discord_krisp-1.zip: 36%
2023-12-29T18:39:58.008Z [Modules] Streaming discord_krisp@1 to /home/tutu/.config/discord/0.0.39/modules/pending/discord_krisp-1.zip: 37%
2023-12-29T18:39:58.027Z [Modules] Streaming discord_krisp@1 to /home/tutu/.config/discord/0.0.39/modules/pending/discord_krisp-1.zip: 38%
2023-12-29T18:39:58.055Z [Modules] Streaming discord_krisp@1 to /home/tutu/.config/discord/0.0.39/modules/pending/discord_krisp-1.zip: 39%
2023-12-29T18:39:58.069Z [Modules] Streaming discord_krisp@1 to /home/tutu/.config/discord/0.0.39/modules/pending/discord_krisp-1.zip: 40%
2023-12-29T18:39:58.078Z [Modules] Streaming discord_krisp@1 to /home/tutu/.config/discord/0.0.39/modules/pending/discord_krisp-1.zip: 41%
2023-12-29T18:39:58.093Z [Modules] Streaming discord_krisp@1 to /home/tutu/.config/discord/0.0.39/modules/pending/discord_krisp-1.zip: 42%
2023-12-29T18:39:58.103Z [Modules] Streaming discord_krisp@1 to /home/tutu/.config/discord/0.0.39/modules/pending/discord_krisp-1.zip: 43%
2023-12-29T18:39:58.117Z [Modules] Streaming discord_krisp@1 to /home/tutu/.config/discord/0.0.39/modules/pending/discord_krisp-1.zip: 44%
2023-12-29T18:39:58.129Z [Modules] Streaming discord_krisp@1 to /home/tutu/.config/discord/0.0.39/modules/pending/discord_krisp-1.zip: 45%
2023-12-29T18:39:58.145Z [Modules] Streaming discord_krisp@1 to /home/tutu/.config/discord/0.0.39/modules/pending/discord_krisp-1.zip: 46%
2023-12-29T18:39:58.186Z [Modules] Streaming discord_krisp@1 to /home/tutu/.config/discord/0.0.39/modules/pending/discord_krisp-1.zip: 47%
2023-12-29T18:39:58.195Z [Modules] Streaming discord_krisp@1 to /home/tutu/.config/discord/0.0.39/modules/pending/discord_krisp-1.zip: 48%
2023-12-29T18:39:58.207Z [Modules] Streaming discord_krisp@1 to /home/tutu/.config/discord/0.0.39/modules/pending/discord_krisp-1.zip: 49%
2023-12-29T18:39:58.219Z [Modules] Streaming discord_krisp@1 to /home/tutu/.config/discord/0.0.39/modules/pending/discord_krisp-1.zip: 50%
2023-12-29T18:39:58.234Z [Modules] Streaming discord_krisp@1 to /home/tutu/.config/discord/0.0.39/modules/pending/discord_krisp-1.zip: 51%
2023-12-29T18:39:58.242Z [Modules] Streaming discord_krisp@1 to /home/tutu/.config/discord/0.0.39/modules/pending/discord_krisp-1.zip: 52%
2023-12-29T18:39:58.258Z [Modules] Streaming discord_krisp@1 to /home/tutu/.config/discord/0.0.39/modules/pending/discord_krisp-1.zip: 53%
2023-12-29T18:39:58.282Z [Modules] Streaming discord_krisp@1 to /home/tutu/.config/discord/0.0.39/modules/pending/discord_krisp-1.zip: 54%
2023-12-29T18:39:58.293Z [Modules] Streaming discord_krisp@1 to /home/tutu/.config/discord/0.0.39/modules/pending/discord_krisp-1.zip: 55%
2023-12-29T18:39:58.322Z [Modules] Streaming discord_krisp@1 to /home/tutu/.config/discord/0.0.39/modules/pending/discord_krisp-1.zip: 56%
2023-12-29T18:39:58.332Z [Modules] Streaming discord_krisp@1 to /home/tutu/.config/discord/0.0.39/modules/pending/discord_krisp-1.zip: 57%
2023-12-29T18:39:58.345Z [Modules] Streaming discord_krisp@1 to /home/tutu/.config/discord/0.0.39/modules/pending/discord_krisp-1.zip: 58%
2023-12-29T18:39:58.364Z [Modules] Streaming discord_krisp@1 to /home/tutu/.config/discord/0.0.39/modules/pending/discord_krisp-1.zip: 59%
2023-12-29T18:39:58.378Z [Modules] Streaming discord_krisp@1 to /home/tutu/.config/discord/0.0.39/modules/pending/discord_krisp-1.zip: 60%
2023-12-29T18:39:58.388Z [Modules] Streaming discord_krisp@1 to /home/tutu/.config/discord/0.0.39/modules/pending/discord_krisp-1.zip: 61%
2023-12-29T18:39:58.401Z [Modules] Streaming discord_krisp@1 to /home/tutu/.config/discord/0.0.39/modules/pending/discord_krisp-1.zip: 62%
2023-12-29T18:39:58.420Z [Modules] Streaming discord_krisp@1 to /home/tutu/.config/discord/0.0.39/modules/pending/discord_krisp-1.zip: 63%
2023-12-29T18:39:58.451Z [Modules] Streaming discord_krisp@1 to /home/tutu/.config/discord/0.0.39/modules/pending/discord_krisp-1.zip: 64%
2023-12-29T18:39:58.465Z [Modules] Streaming discord_krisp@1 to /home/tutu/.config/discord/0.0.39/modules/pending/discord_krisp-1.zip: 65%
2023-12-29T18:39:58.476Z [Modules] Streaming discord_krisp@1 to /home/tutu/.config/discord/0.0.39/modules/pending/discord_krisp-1.zip: 66%
2023-12-29T18:39:58.487Z [Modules] Streaming discord_krisp@1 to /home/tutu/.config/discord/0.0.39/modules/pending/discord_krisp-1.zip: 67%
2023-12-29T18:39:58.498Z [Modules] Streaming discord_krisp@1 to /home/tutu/.config/discord/0.0.39/modules/pending/discord_krisp-1.zip: 68%
2023-12-29T18:39:58.517Z [Modules] Streaming discord_krisp@1 to /home/tutu/.config/discord/0.0.39/modules/pending/discord_krisp-1.zip: 69%
2023-12-29T18:39:58.531Z [Modules] Streaming discord_krisp@1 to /home/tutu/.config/discord/0.0.39/modules/pending/discord_krisp-1.zip: 70%
2023-12-29T18:39:58.541Z [Modules] Streaming discord_krisp@1 to /home/tutu/.config/discord/0.0.39/modules/pending/discord_krisp-1.zip: 71%
2023-12-29T18:39:58.553Z [Modules] Streaming discord_krisp@1 to /home/tutu/.config/discord/0.0.39/modules/pending/discord_krisp-1.zip: 72%
2023-12-29T18:39:58.586Z [Modules] Checking for host updates.
2023-12-29T18:39:58.593Z [Modules] Streaming discord_krisp@1 to /home/tutu/.config/discord/0.0.39/modules/pending/discord_krisp-1.zip: 73%
2023-12-29T18:39:58.602Z [Modules] Streaming discord_krisp@1 to /home/tutu/.config/discord/0.0.39/modules/pending/discord_krisp-1.zip: 74%
2023-12-29T18:39:58.618Z [Modules] Streaming discord_krisp@1 to /home/tutu/.config/discord/0.0.39/modules/pending/discord_krisp-1.zip: 75%
2023-12-29T18:39:58.626Z [Modules] Streaming discord_krisp@1 to /home/tutu/.config/discord/0.0.39/modules/pending/discord_krisp-1.zip: 76%
2023-12-29T18:39:58.645Z [Modules] Streaming discord_krisp@1 to /home/tutu/.config/discord/0.0.39/modules/pending/discord_krisp-1.zip: 77%
2023-12-29T18:39:58.655Z [Modules] Streaming discord_krisp@1 to /home/tutu/.config/discord/0.0.39/modules/pending/discord_krisp-1.zip: 78%
2023-12-29T18:39:58.670Z [Modules] Streaming discord_krisp@1 to /home/tutu/.config/discord/0.0.39/modules/pending/discord_krisp-1.zip: 79%
2023-12-29T18:39:58.684Z [Modules] Streaming discord_krisp@1 to /home/tutu/.config/discord/0.0.39/modules/pending/discord_krisp-1.zip: 80%
2023-12-29T18:39:58.692Z [Modules] Streaming discord_krisp@1 to /home/tutu/.config/discord/0.0.39/modules/pending/discord_krisp-1.zip: 81%
2023-12-29T18:39:58.728Z [Modules] Streaming discord_krisp@1 to /home/tutu/.config/discord/0.0.39/modules/pending/discord_krisp-1.zip: 82%
2023-12-29T18:39:58.743Z [Modules] Streaming discord_krisp@1 to /home/tutu/.config/discord/0.0.39/modules/pending/discord_krisp-1.zip: 83%
2023-12-29T18:39:58.756Z [Modules] Streaming discord_krisp@1 to /home/tutu/.config/discord/0.0.39/modules/pending/discord_krisp-1.zip: 84%
2023-12-29T18:39:58.771Z [Modules] Streaming discord_krisp@1 to /home/tutu/.config/discord/0.0.39/modules/pending/discord_krisp-1.zip: 85%
2023-12-29T18:39:58.784Z [Modules] Streaming discord_krisp@1 to /home/tutu/.config/discord/0.0.39/modules/pending/discord_krisp-1.zip: 86%
2023-12-29T18:39:58.786Z [Modules] Host is up to date.
2023-12-29T18:39:58.786Z [Modules] Checking for module updates at https://discord.com/api/modules/stable/versions.json
2023-12-29T18:39:58.790Z [Modules] No module updates available.
2023-12-29T18:39:58.801Z [Modules] Streaming discord_krisp@1 to /home/tutu/.config/discord/0.0.39/modules/pending/discord_krisp-1.zip: 87%
2023-12-29T18:39:58.813Z [Modules] Streaming discord_krisp@1 to /home/tutu/.config/discord/0.0.39/modules/pending/discord_krisp-1.zip: 88%
2023-12-29T18:39:58.817Z [Modules] Starting to install discord_rpc...
2023-12-29T18:39:58.828Z [Modules] Streaming discord_krisp@1 to /home/tutu/.config/discord/0.0.39/modules/pending/discord_krisp-1.zip: 89%
2023-12-29T18:39:58.854Z [Modules] Streaming discord_krisp@1 to /home/tutu/.config/discord/0.0.39/modules/pending/discord_krisp-1.zip: 90%
2023-12-29T18:39:58.862Z [Modules] Streaming discord_krisp@1 to /home/tutu/.config/discord/0.0.39/modules/pending/discord_krisp-1.zip: 91%
2023-12-29T18:39:58.877Z [Modules] Streaming discord_krisp@1 to /home/tutu/.config/discord/0.0.39/modules/pending/discord_krisp-1.zip: 92%
2023-12-29T18:39:58.886Z [Modules] Streaming discord_krisp@1 to /home/tutu/.config/discord/0.0.39/modules/pending/discord_krisp-1.zip: 93%
2023-12-29T18:39:58.908Z [Modules] Streaming discord_krisp@1 to /home/tutu/.config/discord/0.0.39/modules/pending/discord_krisp-1.zip: 94%
2023-12-29T18:39:58.920Z [Modules] Streaming discord_krisp@1 to /home/tutu/.config/discord/0.0.39/modules/pending/discord_krisp-1.zip: 95%
2023-12-29T18:39:58.938Z [Modules] Streaming discord_krisp@1 to /home/tutu/.config/discord/0.0.39/modules/pending/discord_krisp-1.zip: 96%
2023-12-29T18:39:58.950Z [Modules] Streaming discord_krisp@1 to /home/tutu/.config/discord/0.0.39/modules/pending/discord_krisp-1.zip: 97%
2023-12-29T18:39:58.965Z [Modules] Streaming discord_krisp@1 to /home/tutu/.config/discord/0.0.39/modules/pending/discord_krisp-1.zip: 98%
2023-12-29T18:39:59.014Z [Modules] Streaming discord_krisp@1 to /home/tutu/.config/discord/0.0.39/modules/pending/discord_krisp-1.zip: 99%
2023-12-29T18:39:59.030Z [Modules] Streaming discord_krisp@1 to /home/tutu/.config/discord/0.0.39/modules/pending/discord_krisp-1.zip: 100%
2023-12-29T18:39:59.034Z [Modules] Fetching discord_game_utils@1 from https://discord.com/api/modules/stable/discord_game_utils/1
2023-12-29T18:39:59.035Z [Modules] Streaming discord_game_utils@1 to /home/tutu/.config/discord/0.0.39/modules/pending/discord_game_utils-1.zip
2023-12-29T18:39:59.035Z [Modules] Installing discord_krisp@1 from /home/tutu/.config/discord/0.0.39/modules/pending/discord_krisp-1.zip
2023-12-29T18:39:59.429Z [Modules] Streaming discord_game_utils@1 to /home/tutu/.config/discord/0.0.39/modules/pending/discord_game_utils-1.zip: 1%
2023-12-29T18:39:59.432Z [Modules] Streaming discord_game_utils@1 to /home/tutu/.config/discord/0.0.39/modules/pending/discord_game_utils-1.zip: 3%
2023-12-29T18:39:59.434Z [Modules] Streaming discord_game_utils@1 to /home/tutu/.config/discord/0.0.39/modules/pending/discord_game_utils-1.zip: 6%
2023-12-29T18:39:59.436Z [Modules] Streaming discord_game_utils@1 to /home/tutu/.config/discord/0.0.39/modules/pending/discord_game_utils-1.zip: 7%
2023-12-29T18:39:59.780Z [Modules] Streaming discord_game_utils@1 to /home/tutu/.config/discord/0.0.39/modules/pending/discord_game_utils-1.zip: 9%
2023-12-29T18:39:59.780Z [Modules] Streaming discord_game_utils@1 to /home/tutu/.config/discord/0.0.39/modules/pending/discord_game_utils-1.zip: 10%
2023-12-29T18:39:59.786Z [Modules] Streaming discord_game_utils@1 to /home/tutu/.config/discord/0.0.39/modules/pending/discord_game_utils-1.zip: 13%
2023-12-29T18:39:59.905Z [Modules] Streaming discord_game_utils@1 to /home/tutu/.config/discord/0.0.39/modules/pending/discord_game_utils-1.zip: 16%
2023-12-29T18:39:59.905Z [Modules] Streaming discord_game_utils@1 to /home/tutu/.config/discord/0.0.39/modules/pending/discord_game_utils-1.zip: 17%
2023-12-29T18:39:59.909Z [Modules] Streaming discord_game_utils@1 to /home/tutu/.config/discord/0.0.39/modules/pending/discord_game_utils-1.zip: 20%
2023-12-29T18:39:59.914Z [Modules] Streaming discord_game_utils@1 to /home/tutu/.config/discord/0.0.39/modules/pending/discord_game_utils-1.zip: 23%
2023-12-29T18:39:59.916Z [Modules] Streaming discord_game_utils@1 to /home/tutu/.config/discord/0.0.39/modules/pending/discord_game_utils-1.zip: 24%
2023-12-29T18:39:59.924Z [Modules] Streaming discord_game_utils@1 to /home/tutu/.config/discord/0.0.39/modules/pending/discord_game_utils-1.zip: 27%
2023-12-29T18:40:00.027Z [Modules] Streaming discord_game_utils@1 to /home/tutu/.config/discord/0.0.39/modules/pending/discord_game_utils-1.zip: 29%
2023-12-29T18:40:00.029Z [Modules] Streaming discord_game_utils@1 to /home/tutu/.config/discord/0.0.39/modules/pending/discord_game_utils-1.zip: 32%
2023-12-29T18:40:00.035Z [Modules] Streaming discord_game_utils@1 to /home/tutu/.config/discord/0.0.39/modules/pending/discord_game_utils-1.zip: 33%
2023-12-29T18:40:00.038Z [Modules] Streaming discord_game_utils@1 to /home/tutu/.config/discord/0.0.39/modules/pending/discord_game_utils-1.zip: 35%
2023-12-29T18:40:00.039Z [Modules] Streaming discord_game_utils@1 to /home/tutu/.config/discord/0.0.39/modules/pending/discord_game_utils-1.zip: 36%
2023-12-29T18:40:00.049Z [Modules] Streaming discord_game_utils@1 to /home/tutu/.config/discord/0.0.39/modules/pending/discord_game_utils-1.zip: 42%
2023-12-29T18:40:00.050Z [Modules] Streaming discord_game_utils@1 to /home/tutu/.config/discord/0.0.39/modules/pending/discord_game_utils-1.zip: 44%
2023-12-29T18:40:00.052Z [Modules] Streaming discord_game_utils@1 to /home/tutu/.config/discord/0.0.39/modules/pending/discord_game_utils-1.zip: 45%
2023-12-29T18:40:00.053Z [Modules] Streaming discord_game_utils@1 to /home/tutu/.config/discord/0.0.39/modules/pending/discord_game_utils-1.zip: 48%
2023-12-29T18:40:00.056Z [Modules] Streaming discord_game_utils@1 to /home/tutu/.config/discord/0.0.39/modules/pending/discord_game_utils-1.zip: 49%
2023-12-29T18:40:00.061Z [Modules] Streaming discord_game_utils@1 to /home/tutu/.config/discord/0.0.39/modules/pending/discord_game_utils-1.zip: 52%
2023-12-29T18:40:00.067Z [Modules] Streaming discord_game_utils@1 to /home/tutu/.config/discord/0.0.39/modules/pending/discord_game_utils-1.zip: 54%
2023-12-29T18:40:00.072Z [Modules] Finished module installations. [success: 1] [failure: 0]
2023-12-29T18:40:00.163Z [Modules] Streaming discord_game_utils@1 to /home/tutu/.config/discord/0.0.39/modules/pending/discord_game_utils-1.zip: 56%
2023-12-29T18:40:00.167Z [Modules] Streaming discord_game_utils@1 to /home/tutu/.config/discord/0.0.39/modules/pending/discord_game_utils-1.zip: 58%
2023-12-29T18:40:00.169Z [Modules] Streaming discord_game_utils@1 to /home/tutu/.config/discord/0.0.39/modules/pending/discord_game_utils-1.zip: 59%
2023-12-29T18:40:00.171Z [Modules] Streaming discord_game_utils@1 to /home/tutu/.config/discord/0.0.39/modules/pending/discord_game_utils-1.zip: 62%
2023-12-29T18:40:00.172Z [Modules] Streaming discord_game_utils@1 to /home/tutu/.config/discord/0.0.39/modules/pending/discord_game_utils-1.zip: 63%
2023-12-29T18:40:00.175Z [Modules] Streaming discord_game_utils@1 to /home/tutu/.config/discord/0.0.39/modules/pending/discord_game_utils-1.zip: 66%
2023-12-29T18:40:00.177Z [Modules] Streaming discord_game_utils@1 to /home/tutu/.config/discord/0.0.39/modules/pending/discord_game_utils-1.zip: 67%
2023-12-29T18:40:00.180Z [Modules] Streaming discord_game_utils@1 to /home/tutu/.config/discord/0.0.39/modules/pending/discord_game_utils-1.zip: 70%
2023-12-29T18:40:00.184Z [Modules] Streaming discord_game_utils@1 to /home/tutu/.config/discord/0.0.39/modules/pending/discord_game_utils-1.zip: 73%
2023-12-29T18:40:00.186Z [Modules] Streaming discord_game_utils@1 to /home/tutu/.config/discord/0.0.39/modules/pending/discord_game_utils-1.zip: 74%
2023-12-29T18:40:00.188Z [Modules] Streaming discord_game_utils@1 to /home/tutu/.config/discord/0.0.39/modules/pending/discord_game_utils-1.zip: 77%
2023-12-29T18:40:00.190Z [Modules] Streaming discord_game_utils@1 to /home/tutu/.config/discord/0.0.39/modules/pending/discord_game_utils-1.zip: 80%
2023-12-29T18:40:00.192Z [Modules] Streaming discord_game_utils@1 to /home/tutu/.config/discord/0.0.39/modules/pending/discord_game_utils-1.zip: 83%
2023-12-29T18:40:00.194Z [Modules] Streaming discord_game_utils@1 to /home/tutu/.config/discord/0.0.39/modules/pending/discord_game_utils-1.zip: 88%
2023-12-29T18:40:00.199Z [Modules] Streaming discord_game_utils@1 to /home/tutu/.config/discord/0.0.39/modules/pending/discord_game_utils-1.zip: 90%
2023-12-29T18:40:00.202Z [Modules] Streaming discord_game_utils@1 to /home/tutu/.config/discord/0.0.39/modules/pending/discord_game_utils-1.zip: 92%
2023-12-29T18:40:00.203Z [Modules] Streaming discord_game_utils@1 to /home/tutu/.config/discord/0.0.39/modules/pending/discord_game_utils-1.zip: 94%
2023-12-29T18:40:00.205Z [Modules] Streaming discord_game_utils@1 to /home/tutu/.config/discord/0.0.39/modules/pending/discord_game_utils-1.zip: 95%
2023-12-29T18:40:00.207Z [Modules] Streaming discord_game_utils@1 to /home/tutu/.config/discord/0.0.39/modules/pending/discord_game_utils-1.zip: 97%
2023-12-29T18:40:00.208Z [Modules] Streaming discord_game_utils@1 to /home/tutu/.config/discord/0.0.39/modules/pending/discord_game_utils-1.zip: 100%
2023-12-29T18:40:00.211Z [Modules] Fetching discord_rpc@1 from https://discord.com/api/modules/stable/discord_rpc/1
2023-12-29T18:40:00.212Z [Modules] Streaming discord_rpc@1 to /home/tutu/.config/discord/0.0.39/modules/pending/discord_rpc-1.zip
2023-12-29T18:40:00.212Z [Modules] Installing discord_game_utils@1 from /home/tutu/.config/discord/0.0.39/modules/pending/discord_game_utils-1.zip
2023-12-29T18:40:00.335Z [Modules] Finished module installations. [success: 1] [failure: 0]
2023-12-29T18:40:00.679Z [Modules] Streaming discord_rpc@1 to /home/tutu/.config/discord/0.0.39/modules/pending/discord_rpc-1.zip: 100%
2023-12-29T18:40:00.680Z [Modules] Finished module downloads. [success: 3] [failure: 0]
2023-12-29T18:40:00.680Z [Modules] Installing discord_rpc@1 from /home/tutu/.config/discord/0.0.39/modules/pending/discord_rpc-1.zip
2023-12-29T18:40:00.724Z [Modules] Finished module installations. [success: 1] [failure: 0]
2023-12-30T04:44:51.074Z [Modules] Checking for host updates.
2023-12-30T04:44:56.498Z [Modules] Host is up to date.
2023-12-30T04:44:56.498Z [Modules] Checking for module updates at https://discord.com/api/modules/stable/versions.json
2023-12-30T04:44:56.527Z [Modules] No module updates available.
2024-01-01T18:15:14.555Z [Modules] Checking for host updates.
2024-01-01T18:15:14.797Z [Modules] Host is up to date.
2024-01-01T18:15:14.797Z [Modules] Checking for module updates at https://discord.com/api/modules/stable/versions.json
2024-01-01T18:15:15.311Z [Modules] No module updates available.
2024-01-01T21:13:38.409Z [Modules] Checking for host updates.
2024-01-01T21:13:38.456Z [Modules] Host update failed: Error: getaddrinfo EAI_AGAIN discord.com
